<?xml version="1.0" encoding="UTF-8"?>
<!-- Generated by org.testng.reporters.JUnitXMLReporter -->
<testsuite ignored="0" hostname="mum-mob0355" failures="0" tests="5" name="Default test" time="4.783" errors="0" timestamp="2021-01-16T17:31:02 IST">
  <testcase classname="Test.Apitests" name="addUser" time="2.181"/>
  <testcase classname="Test.Apitests" name="getApiAllUsers" time="0.631"/>
  <testcase classname="Test.Apitests" name="getSingleUser" time="0.561"/>
  <testcase classname="Test.Apitests" name="login" time="0.707"/>
  <testcase classname="Test.Apitests" name="postApi" time="0.68"/>
</testsuite> <!-- Default test -->
