<?xml version="1.0" encoding="UTF-8"?>
<testng-results ignored="0" total="5" passed="5" failed="0" skipped="0">
  <reporter-output>
  </reporter-output>
  <suite started-at="2021-01-16T17:30:57 IST" name="Default suite" finished-at="2021-01-16T17:31:02 IST" duration-ms="4783">
    <groups>
    </groups>
    <test started-at="2021-01-16T17:30:57 IST" name="Default test" finished-at="2021-01-16T17:31:02 IST" duration-ms="4783">
      <class name="Test.Apitests">
        <test-method signature="addUser()[pri:0, instance:Test.Apitests@574b560f]" started-at="2021-01-16T17:30:57 IST" name="addUser" finished-at="2021-01-16T17:30:59 IST" duration-ms="2181" status="PASS">
          <reporter-output>
          </reporter-output>
        </test-method> <!-- addUser -->
        <test-method signature="getApiAllUsers()[pri:0, instance:Test.Apitests@574b560f]" started-at="2021-01-16T17:30:59 IST" name="getApiAllUsers" finished-at="2021-01-16T17:31:00 IST" duration-ms="631" status="PASS">
          <reporter-output>
          </reporter-output>
        </test-method> <!-- getApiAllUsers -->
        <test-method signature="getSingleUser()[pri:0, instance:Test.Apitests@574b560f]" started-at="2021-01-16T17:31:00 IST" name="getSingleUser" finished-at="2021-01-16T17:31:01 IST" duration-ms="561" status="PASS">
          <reporter-output>
          </reporter-output>
        </test-method> <!-- getSingleUser -->
        <test-method signature="login()[pri:0, instance:Test.Apitests@574b560f]" started-at="2021-01-16T17:31:01 IST" name="login" finished-at="2021-01-16T17:31:01 IST" duration-ms="707" status="PASS">
          <reporter-output>
          </reporter-output>
        </test-method> <!-- login -->
        <test-method signature="postApi()[pri:0, instance:Test.Apitests@574b560f]" started-at="2021-01-16T17:31:01 IST" name="postApi" finished-at="2021-01-16T17:31:02 IST" duration-ms="680" status="PASS">
          <reporter-output>
          </reporter-output>
        </test-method> <!-- postApi -->
      </class> <!-- Test.Apitests -->
    </test> <!-- Default test -->
  </suite> <!-- Default suite -->
</testng-results>
